2025-07-24 16:47:57,499 - Started scraping for: electronics dealers in Delhi
2025-07-24 16:47:58,503 - Scraped 2 results.
2025-07-24 16:52:29,232 - Started scraping for: electronics dealers in Delhi
2025-07-24 16:52:30,233 - Scraped 2 results.
2025-07-24 17:05:40,538 - Started scraping for: electronics dealers in Delhi
2025-07-24 17:05:41,539 - Scraped 2 results.
2025-07-25 13:06:06,824 - Started scraping for: electronics dealers in Delhi
2025-07-25 13:06:07,834 - Scraped 2 results.
2025-08-01 08:55:55,510 - INFO - Running IndiaMART scraper for: speakers
2025-08-01 08:55:57,225 - INFO - Running IndiaMART scraper for: speakers
2025-08-01 08:56:18,213 - ERROR - ⏱ Timeout: No IndiaMART results.
2025-08-01 08:56:18,245 - INFO - IndiaMART results saved to static/speakers_indiamart_010825.csv
2025-08-01 08:56:20,453 - ERROR - ⏱ Timeout: No IndiaMART results.
2025-08-01 08:56:20,460 - INFO - IndiaMART results saved to static/speakers_indiamart_010825.csv
2025-08-01 08:56:59,535 - INFO - Running IndiaMART scraper for: healthcare
2025-08-01 08:57:21,636 - ERROR - ⏱ Timeout: No IndiaMART results.
2025-08-01 08:57:21,639 - INFO - IndiaMART results saved to static/healthcare_indiamart_010825.csv
2025-08-01 09:02:11,159 - INFO - Running IndiaMART scraper for: best healthcare
2025-08-01 09:02:42,825 - ERROR - ⏱ Timeout: No IndiaMART results.
2025-08-01 09:02:42,829 - INFO - IndiaMART results saved to static\best_healthcare_indiamart_010825.csv
2025-08-01 09:04:37,688 - INFO - Running IndiaMART scraper for: best healthcare
2025-08-01 09:04:59,889 - ERROR - ⏱ Timeout: No IndiaMART results.
2025-08-01 09:04:59,892 - INFO - IndiaMART results saved to static\best_healthcare_indiamart_010825.csv
2025-08-01 09:07:16,423 - INFO - Running IndiaMART scraper for: best healthcare
2025-08-01 09:07:38,406 - ERROR - ⏱ Timeout: No IndiaMART results.
2025-08-01 09:07:38,408 - INFO - IndiaMART results saved to static\best_healthcare_indiamart_010825.csv
2025-08-01 09:09:17,114 - INFO - Running IndiaMART scraper for: best healthcare
2025-08-01 09:09:39,028 - ERROR - ⏱ Timeout: No IndiaMART results.
2025-08-01 09:09:39,031 - INFO - IndiaMART results saved to static\best_healthcare_indiamart_010825.csv
2025-08-01 09:12:00,450 - INFO - Running IndiaMART scraper for: best healthcare
2025-08-01 09:12:22,207 - ERROR - ⏱ Timeout: No IndiaMART results.
2025-08-01 09:12:22,210 - INFO - IndiaMART results saved to static\best_healthcare_indiamart_010825.csv
2025-08-01 09:13:48,584 - INFO - Running IndiaMART scraper for: best healthcare
2025-08-01 09:13:48,585 - INFO - Opening URL: https://dir.indiamart.com/search.mp?ss=best+healthcare
2025-08-01 09:14:13,088 - ERROR - ⏱ Timeout: No IndiaMART results.
2025-08-01 09:14:13,096 - INFO - IndiaMART results saved to static\best_healthcare_indiamart_010825.csv
2025-08-01 09:15:56,657 - INFO - Running IndiaMART scraper for: best healthcare
2025-08-01 09:15:56,658 - INFO - Opening URL: https://dir.indiamart.com/search.mp?ss=best+healthcare
2025-08-01 09:16:39,237 - ERROR - ⏱ Timeout: No IndiaMART results.
2025-08-01 09:16:39,241 - INFO - IndiaMART results saved to static\best_healthcare_indiamart_010825.csv
2025-08-01 09:17:58,514 - INFO - Running IndiaMART scraper for: best healthcare
2025-08-01 09:17:58,514 - INFO - Opening URL: https://dir.indiamart.com/search.mp?ss=best+healthcare
2025-08-01 09:18:21,353 - ERROR - ⏱ Timeout: No IndiaMART results.
2025-08-01 09:18:21,359 - INFO - IndiaMART results saved to static\best_healthcare_indiamart_010825.csv
2025-08-01 09:21:03,201 - INFO - Running IndiaMART scraper for: best healthcare
2025-08-01 09:21:03,202 - INFO - Opening URL: https://dir.indiamart.com/search.mp?ss=best+healthcare
2025-08-01 09:21:28,644 - ERROR - ⏱ Timeout: No IndiaMART results.
2025-08-01 09:21:28,651 - INFO - IndiaMART results saved to static\best_healthcare_indiamart_010825.csv
2025-08-01 09:21:52,982 - INFO - Running IndiaMART scraper for: best healthcare
2025-08-01 09:22:23,201 - ERROR - ⏱ Timeout: No IndiaMART results.
2025-08-01 09:22:23,210 - INFO - IndiaMART results saved to static\best_healthcare_indiamart_010825.csv
2025-08-01 09:33:32,468 - INFO - Running IndiaMART scraper for: best healthcare
2025-08-01 09:33:32,469 - INFO - Opening URL: https://dir.indiamart.com/search.mp?ss=best+healthcare
2025-08-01 09:34:17,373 - ERROR - ⏱ Timeout: No IndiaMART results.
2025-08-01 09:34:17,581 - INFO - IndiaMART results saved to static\best_healthcare_indiamart_010825.csv
2025-08-01 09:35:54,278 - INFO - Running IndiaMART scraper for: best healthcare
2025-08-01 09:35:54,278 - INFO - Opening URL: https://dir.indiamart.com/search.mp?ss=best+healthcare
2025-08-01 09:35:59,577 - INFO - Waiting 5 seconds before checking for results...
2025-08-01 09:36:29,615 - ERROR - ⏱ Timeout: No IndiaMART results.
2025-08-01 09:36:31,049 - INFO - IndiaMART results saved to static\best_healthcare_indiamart_010825.csv
2025-08-01 09:39:59,820 - INFO - Running IndiaMART scraper for: best healthcare
2025-08-01 09:39:59,821 - INFO - Opening URL: https://dir.indiamart.com/search.mp?ss=best+healthcare
2025-08-01 09:40:04,227 - INFO - Waiting 5 seconds before checking for results...
2025-08-01 09:40:30,888 - INFO - ✅ Scraped 20 listings.
2025-08-01 09:40:32,091 - INFO - IndiaMART results saved to static\best_healthcare_indiamart_010825.csv
2025-08-01 09:41:23,215 - INFO - Running IndiaMART scraper for: speakers
2025-08-01 09:41:23,215 - INFO - Opening URL: https://dir.indiamart.com/search.mp?ss=speakers
2025-08-01 09:41:33,982 - INFO - Waiting 5 seconds before checking for results...
2025-08-01 09:41:47,456 - INFO - Running IndiaMART scraper for: speakers
2025-08-01 09:41:47,457 - INFO - Opening URL: https://dir.indiamart.com/search.mp?ss=speakers
2025-08-01 09:41:51,915 - INFO - Waiting 5 seconds before checking for results...
2025-08-01 09:42:00,851 - INFO - ✅ Scraped 20 listings.
2025-08-01 09:42:02,084 - INFO - IndiaMART results saved to static/speakers_indiamart_010825.csv
2025-08-01 09:42:18,392 - INFO - ✅ Scraped 20 listings.
2025-08-01 09:42:19,291 - INFO - IndiaMART results saved to static/speakers_indiamart_010825.csv
2025-08-01 11:29:48,471 - INFO - Running IndiaMART scraper for: earphones
2025-08-01 11:29:48,472 - INFO - Opening URL: https://dir.indiamart.com/search.mp?ss=earphones
2025-08-01 11:29:53,551 - INFO - Waiting 5 seconds before checking for results...
2025-08-01 11:29:54,575 - INFO - Running IndiaMART scraper for: earphones
2025-08-01 11:29:54,575 - INFO - Opening URL: https://dir.indiamart.com/search.mp?ss=earphones
2025-08-01 11:29:57,880 - INFO - Waiting 5 seconds before checking for results...
2025-08-01 11:30:20,735 - INFO - ✅ Scraped 20 listings.
2025-08-01 11:30:21,423 - INFO - IndiaMART results saved to static\earphones_indiamart_010825.csv
2025-08-01 11:30:24,362 - INFO - ✅ Scraped 20 listings.
2025-08-01 11:30:24,845 - INFO - IndiaMART results saved to static\earphones_indiamart_010825.csv
2025-08-01 11:30:25,026 - INFO - Running IndiaMART scraper for: earphones
2025-08-01 11:30:25,027 - INFO - Opening URL: https://dir.indiamart.com/search.mp?ss=earphones
2025-08-01 11:30:28,734 - INFO - Waiting 5 seconds before checking for results...
2025-08-01 11:30:55,047 - INFO - ✅ Scraped 20 listings.
2025-08-01 11:30:55,616 - INFO - IndiaMART results saved to static\earphones_indiamart_010825.csv
2025-08-01 11:37:35,724 - INFO - Running IndiaMART scraper for: speakers
2025-08-01 11:37:35,724 - INFO - Opening URL: https://dir.indiamart.com/search.mp?ss=speakers
2025-08-01 11:37:38,404 - INFO - Waiting 5 seconds before checking for results...
2025-08-01 11:38:08,427 - ERROR - ⏱ Timeout: No IndiaMART results.
2025-08-01 11:38:08,705 - INFO - IndiaMART results saved to static\speakers_indiamart_010825.csv
2025-08-01 11:42:03,424 - INFO - Running IndiaMART scraper for: speakers
2025-08-01 11:42:03,424 - INFO - Opening URL: https://dir.indiamart.com/search.mp?ss=speakers
2025-08-01 11:42:05,425 - INFO - Waiting 5 seconds before checking for results...
2025-08-01 11:42:30,841 - INFO - ✅ Scraped 20 results.
2025-08-01 11:42:30,984 - INFO - IndiaMART results saved to static\speakers_indiamart_010825.csv
2025-08-01 13:21:18,741 - INFO - Running IndiaMART scraper for: headphone
2025-08-01 13:21:18,743 - INFO - Opening URL: https://dir.indiamart.com/search.mp?ss=headphone
2025-08-01 13:21:23,458 - INFO - Waiting 5 seconds before checking for results...
2025-08-01 13:21:33,169 - INFO - Running IndiaMART scraper for: headphone
2025-08-01 13:21:33,169 - INFO - Opening URL: https://dir.indiamart.com/search.mp?ss=headphone
2025-08-01 13:21:37,301 - INFO - Waiting 5 seconds before checking for results...
2025-08-01 13:21:49,097 - INFO - ✅ Scraped 20 results.
2025-08-01 13:21:49,263 - INFO - IndiaMART results saved to static\headphone_indiamart_010825.csv
2025-08-01 13:22:03,233 - INFO - ✅ Scraped 20 results.
2025-08-01 13:22:03,598 - INFO - IndiaMART results saved to static\headphone_indiamart_010825.csv
2025-08-04 09:59:44,837 - INFO - Running IndiaMART scraper for: speakers
2025-08-04 09:59:44,837 - INFO - Opening URL: https://dir.indiamart.com/search.mp?ss=speakers
2025-08-04 09:59:48,720 - INFO - Waiting 5 seconds before checking for results...
2025-08-04 10:00:14,497 - INFO - ✅ Scraped 20 results.
2025-08-04 10:00:16,923 - INFO - IndiaMART results saved to static\speakers_indiamart_040825.csv
2025-08-04 10:16:07,499 - INFO - Running IndiaMART scraper for: healthcare
2025-08-04 10:16:07,500 - INFO - Opening URL: https://dir.indiamart.com/search.mp?ss=healthcare
2025-08-04 10:16:09,569 - INFO - Waiting 5 seconds before checking for results...
2025-08-04 10:16:35,051 - INFO - ✅ Scraped 20 results.
2025-08-04 10:16:35,211 - INFO - IndiaMART results saved to static\healthcare_indiamart_040825.csv
2025-08-04 19:24:25,550 - INFO - Running IndiaMART scraper for: headphones
2025-08-04 19:24:25,552 - INFO - Opening URL: https://dir.indiamart.com/search.mp?ss=headphones
2025-08-04 19:24:28,636 - INFO - Waiting 5 seconds before checking for results...
2025-08-04 19:24:42,438 - INFO - Running IndiaMART scraper for: headphone
2025-08-04 19:24:42,439 - INFO - Opening URL: https://dir.indiamart.com/search.mp?ss=headphone
2025-08-04 19:24:45,412 - INFO - Waiting 5 seconds before checking for results...
2025-08-04 19:24:54,091 - INFO - ✅ Scraped 20 results.
2025-08-04 19:24:54,285 - INFO - IndiaMART results saved to static\headphones_indiamart_040825.csv
2025-08-04 19:25:10,956 - INFO - ✅ Scraped 20 results.
2025-08-04 19:25:11,156 - INFO - IndiaMART results saved to static\headphone_indiamart_040825.csv
2025-08-04 19:35:08,432 - INFO - Running IndiaMART scraper for: speakers
2025-08-04 19:35:08,433 - INFO - Opening URL: https://dir.indiamart.com/search.mp?ss=speakers
2025-08-04 19:35:11,718 - INFO - Waiting 5 seconds before checking for results...
2025-08-04 19:35:37,736 - INFO - ✅ Scraped 20 results.
2025-08-04 19:35:38,142 - INFO - IndiaMART results saved to static\speakers_indiamart_040825.csv
2025-08-05 11:23:56,139 - INFO - Running IndiaMART scraper for: speakers
2025-08-05 11:23:56,140 - INFO - Opening URL: https://dir.indiamart.com/search.mp?ss=speakers
2025-08-05 11:23:59,075 - INFO - Waiting 5 seconds before checking for results...
2025-08-05 11:24:01,360 - INFO - Running IndiaMART scraper for: speakers
2025-08-05 11:24:01,361 - INFO - Opening URL: https://dir.indiamart.com/search.mp?ss=speakers
2025-08-05 11:24:03,612 - INFO - Waiting 5 seconds before checking for results...
2025-08-05 11:24:21,520 - INFO - Running IndiaMART scraper for: healthcare
2025-08-05 11:24:21,520 - INFO - Opening URL: https://dir.indiamart.com/search.mp?ss=healthcare
2025-08-05 11:24:24,320 - INFO - Waiting 5 seconds before checking for results...
2025-08-05 11:24:26,032 - INFO - ✅ Scraped 20 results.
2025-08-05 11:24:26,325 - INFO - IndiaMART results saved to static\speakers_indiamart_050825.csv
2025-08-05 11:24:30,078 - INFO - ✅ Scraped 20 results.
2025-08-05 11:24:30,703 - INFO - IndiaMART results saved to static\speakers_indiamart_050825.csv
2025-08-05 11:24:50,578 - INFO - ✅ Scraped 20 results.
2025-08-05 11:24:50,787 - INFO - IndiaMART results saved to static\healthcare_indiamart_050825.csv
2025-08-05 13:41:04,375 - INFO - Running IndiaMART scraper for: speakers
2025-08-05 13:41:04,376 - INFO - Received limit: 15
2025-08-05 13:41:04,376 - INFO - Opening URL: https://dir.indiamart.com/search.mp?ss=speakers
2025-08-05 13:41:06,403 - INFO - Waiting 5 seconds before checking for results...
2025-08-05 13:41:22,117 - INFO - Running IndiaMART scraper for: speakers
2025-08-05 13:41:22,117 - INFO - Received limit: 15
2025-08-05 13:41:22,117 - INFO - Opening URL: https://dir.indiamart.com/search.mp?ss=speakers
2025-08-05 13:41:23,714 - INFO - Waiting 5 seconds before checking for results...
2025-08-05 13:41:31,936 - INFO - Reached limit: 15
2025-08-05 13:41:31,936 - INFO - Scraped 15 listings.
2025-08-05 13:41:32,075 - INFO - IndiaMART results saved to static\speakers_indiamart_050825.csv
2025-08-05 13:41:49,181 - INFO - Reached limit: 15
2025-08-05 13:41:49,181 - INFO - Scraped 15 listings.
2025-08-05 13:41:49,330 - INFO - IndiaMART results saved to static\speakers_indiamart_050825.csv
2025-08-06 13:55:02,916 - INFO - Running IndiaMART scraper for: healthcare
2025-08-06 13:55:02,917 - INFO - Received limit: None
2025-08-06 13:55:02,917 - INFO - Opening URL: https://dir.indiamart.com/search.mp?ss=healthcare
2025-08-06 13:55:08,627 - INFO - Waiting 5 seconds before checking for results...
2025-08-06 13:55:09,386 - INFO - Waiting 5 seconds before checking for results...
2025-08-06 13:55:33,950 - INFO - Running IndiaMART scraper for: healthcare
2025-08-06 13:55:33,950 - INFO - Received limit: None
2025-08-06 13:55:33,950 - INFO - Opening URL: https://dir.indiamart.com/search.mp?ss=healthcare
2025-08-06 13:55:35,915 - INFO - Scraped 20 listings.
2025-08-06 13:55:36,674 - INFO - Waiting 5 seconds before checking for results...
2025-08-06 13:55:36,988 - INFO - Scraped 20 listings.
2025-08-06 13:55:38,520 - INFO - IndiaMART results saved to static\healthcare_indiamart_060825.csv
2025-08-06 13:55:38,726 - INFO - IndiaMART results saved to static\healthcare_indiamart_060825.csv
2025-08-06 13:55:57,634 - INFO - Running IndiaMART scraper for: speakers
2025-08-06 13:55:57,635 - INFO - Received limit: None
2025-08-06 13:55:57,636 - INFO - Opening URL: https://dir.indiamart.com/search.mp?ss=speakers
2025-08-06 13:56:00,569 - INFO - Waiting 5 seconds before checking for results...
2025-08-06 13:56:02,910 - INFO - Scraped 20 listings.
2025-08-06 13:56:03,253 - INFO - IndiaMART results saved to static\healthcare_indiamart_060825.csv
2025-08-06 13:56:26,546 - INFO - Scraped 20 listings.
2025-08-06 13:56:27,012 - INFO - IndiaMART results saved to static\speakers_indiamart_060825.csv
2025-08-06 15:09:18,914 - INFO - Running IndiaMART scraper for: headphone
2025-08-06 15:09:18,915 - INFO - Received limit: None
2025-08-06 15:09:18,915 - INFO - Opening URL: https://dir.indiamart.com/search.mp?ss=headphone
2025-08-06 15:09:23,039 - INFO - Waiting 5 seconds before checking for results...
2025-08-06 15:09:50,019 - INFO - Scraped 20 listings.
2025-08-06 15:09:50,309 - INFO - IndiaMART results saved to static\headphone_indiamart_060825.csv
2025-08-06 15:29:49,602 - INFO - Running IndiaMART scraper for: speakers
2025-08-06 15:29:49,602 - INFO - Running IndiaMART scraper for: speakers
2025-08-06 15:29:49,602 - INFO - Received limit: None
2025-08-06 15:29:49,602 - INFO - Opening URL: https://dir.indiamart.com/search.mp?ss=speakers
2025-08-06 15:29:49,602 - INFO - Opening URL: https://dir.indiamart.com/search.mp?ss=speakers
2025-08-06 15:29:59,274 - INFO - Waiting 5 seconds before checking for results...
2025-08-06 15:29:59,388 - INFO - Waiting 5 seconds before checking for results...
2025-08-06 15:30:25,147 - INFO - Scraped 20 listings.
2025-08-06 15:30:25,346 - INFO - IndiaMART results saved to static\speakers_indiamart_060825.csv
2025-08-06 15:30:25,489 - INFO - Scraped 20 listings.
2025-08-06 15:30:25,627 - INFO - IndiaMART results saved to static\speakers_indiamart_060825.csv
2025-08-07 12:37:22,173 - INFO - Running IndiaMART scraper for: speakers
2025-08-07 12:37:22,175 - INFO - Received limit: 20
2025-08-07 12:37:22,175 - INFO - Opening URL: https://dir.indiamart.com/search.mp?ss=speakers
2025-08-07 12:37:34,892 - INFO - Waiting for content to load...
2025-08-07 12:37:39,892 - INFO - Scrolling page to load more results...
2025-08-07 12:37:55,417 - INFO - Found 20 cards with 'div.card'
2025-08-07 12:37:55,796 - INFO - Scraped 20 listings.
2025-08-07 12:37:55,808 - INFO - IndiaMART results saved to static\speakers_indiamart_070825.csv
2025-08-07 12:38:23,964 - INFO - Running IndiaMART scraper for: speakers
2025-08-07 12:38:23,964 - INFO - Received limit: 20
2025-08-07 12:38:23,964 - INFO - Opening URL: https://dir.indiamart.com/search.mp?ss=speakers
2025-08-07 12:38:26,285 - INFO - Waiting for content to load...
2025-08-07 12:38:31,287 - INFO - Scrolling page to load more results...
2025-08-07 12:38:46,998 - INFO - Found 20 cards with 'div.card'
2025-08-07 12:38:47,336 - INFO - Scraped 20 listings.
2025-08-07 12:38:47,352 - INFO - IndiaMART results saved to static\speakers_indiamart_070825.csv
2025-08-07 12:56:35,658 - INFO - Running IndiaMART scraper for: tiles
2025-08-07 12:56:35,658 - INFO - Received limit: None
2025-08-07 12:56:35,658 - INFO - Opening URL: https://dir.indiamart.com/search.mp?ss=tiles
2025-08-07 12:56:41,218 - INFO - Running IndiaMART scraper for: tiles
2025-08-07 12:56:41,218 - INFO - Received limit: None
2025-08-07 12:56:41,218 - INFO - Opening URL: https://dir.indiamart.com/search.mp?ss=tiles
2025-08-07 12:56:45,479 - INFO - Waiting for results to appear...
2025-08-07 12:56:45,604 - INFO - Waiting for results to appear...
2025-08-07 12:56:45,903 - INFO - Scrolling to load more content...
2025-08-07 12:56:46,109 - INFO - Scrolling to load more content...
2025-08-07 12:57:02,171 - INFO - Extracting data from page content...
2025-08-07 12:57:02,377 - INFO - Found 20 total cards.
2025-08-07 12:57:02,398 - INFO - Scraped 20 listings.
2025-08-07 12:57:02,466 - INFO - Extracting data from page content...
2025-08-07 12:57:02,555 - INFO - IndiaMART results saved to static\tiles_indiamart_070825.csv
2025-08-07 12:57:02,716 - INFO - Found 20 total cards.
2025-08-07 12:57:02,751 - INFO - Scraped 20 listings.
2025-08-07 12:57:03,051 - INFO - IndiaMART results saved to static\tiles_indiamart_070825.csv
2025-08-07 15:42:39,013 - INFO - Running IndiaMART scraper for: speakers
2025-08-07 15:42:39,014 - INFO - Received limit: 21
2025-08-07 15:42:39,014 - INFO - Opening URL: https://dir.indiamart.com/search.mp?ss=speakers
2025-08-07 15:42:48,319 - INFO - Running IndiaMART scraper for: speakers
2025-08-07 15:42:48,319 - INFO - Received limit: 21
2025-08-07 15:42:48,319 - INFO - Opening URL: https://dir.indiamart.com/search.mp?ss=speakers
2025-08-07 15:42:58,719 - INFO - Found 10 cards on the page.
2025-08-07 15:42:59,387 - INFO - Saved 10 records to static\speakers_indiamart_070825.csv
2025-08-07 15:42:59,462 - INFO - Found 10 cards on the page.
2025-08-07 15:42:59,900 - INFO - Scraping completed with 10 results.
2025-08-07 15:43:00,165 - INFO - Saved 10 records to static\speakers_indiamart_070825.csv
2025-08-07 15:43:00,322 - INFO - Scraping completed with 10 results.
2025-08-07 15:43:01,357 - INFO - Running IndiaMART scraper for: speakers
2025-08-07 15:43:01,358 - INFO - Received limit: 21
2025-08-07 15:43:01,358 - INFO - Opening URL: https://dir.indiamart.com/search.mp?ss=speakers
2025-08-07 15:43:08,331 - INFO - Found 10 cards on the page.
2025-08-07 15:43:08,797 - INFO - Saved 10 records to static\speakers_indiamart_070825.csv
2025-08-07 15:43:09,080 - INFO - Scraping completed with 10 results.
2025-08-07 15:44:05,755 - INFO - Running IndiaMART scraper for: tiles
2025-08-07 15:44:05,755 - INFO - Received limit: None
2025-08-07 15:44:05,755 - INFO - Opening URL: https://dir.indiamart.com/search.mp?ss=tiles
2025-08-07 15:44:12,460 - INFO - Found 10 cards on the page.
2025-08-07 15:44:12,904 - INFO - Saved 10 records to static\tiles_indiamart_070825.csv
2025-08-07 15:44:13,017 - INFO - Scraping completed with 10 results.
2025-08-07 16:12:00,871 - INFO - Running IndiaMART scraper for: tiles
2025-08-07 16:12:00,871 - INFO - Received limit: None
2025-08-07 16:12:00,871 - INFO - Opening URL: https://dir.indiamart.com/search.mp?ss=tiles
2025-08-07 16:12:17,210 - INFO - Scraping page 1...
2025-08-07 16:12:17,407 - INFO - Found 10 cards on this page.
2025-08-07 16:12:18,672 - INFO - No more pages to scrape.
2025-08-07 16:12:18,674 - INFO - Saved 10 records to static\tiles_indiamart_070825.csv
2025-08-07 16:12:18,924 - INFO - Scraping completed with 10 results.
2025-08-07 16:17:41,623 - INFO - Running IndiaMART scraper for: tiles
2025-08-07 16:17:41,624 - INFO - Received limit: None
2025-08-07 16:17:42,871 - INFO - Opening URL: https://dir.indiamart.com/search.mp?ss=tiles&page=1
2025-08-07 16:17:48,263 - INFO - Found 10 cards on the current page.
2025-08-07 16:17:49,560 - INFO - Opening URL: https://dir.indiamart.com/search.mp?ss=tiles&page=2
2025-08-07 16:17:54,273 - INFO - Found 10 cards on the current page.
2025-08-07 16:17:55,937 - INFO - Opening URL: https://dir.indiamart.com/search.mp?ss=tiles&page=3
2025-08-07 16:18:00,590 - INFO - Found 10 cards on the current page.
2025-08-07 16:18:02,129 - INFO - Opening URL: https://dir.indiamart.com/search.mp?ss=tiles&page=4
2025-08-07 16:18:06,757 - INFO - Found 10 cards on the current page.
2025-08-07 16:18:08,375 - INFO - Opening URL: https://dir.indiamart.com/search.mp?ss=tiles&page=5
2025-08-07 16:18:13,003 - INFO - Found 10 cards on the current page.
2025-08-07 16:18:14,379 - INFO - Opening URL: https://dir.indiamart.com/search.mp?ss=tiles&page=6
2025-08-07 16:18:18,954 - INFO - Found 10 cards on the current page.
2025-08-07 16:18:20,346 - INFO - Opening URL: https://dir.indiamart.com/search.mp?ss=tiles&page=7
2025-08-07 16:18:25,007 - INFO - Found 10 cards on the current page.
2025-08-07 16:18:26,321 - INFO - Opening URL: https://dir.indiamart.com/search.mp?ss=tiles&page=8
2025-08-07 16:18:30,893 - INFO - Found 10 cards on the current page.
2025-08-07 16:18:32,205 - INFO - Opening URL: https://dir.indiamart.com/search.mp?ss=tiles&page=9
2025-08-07 16:18:36,815 - INFO - Found 10 cards on the current page.
2025-08-07 16:18:38,726 - INFO - Opening URL: https://dir.indiamart.com/search.mp?ss=tiles&page=10
2025-08-07 16:18:43,339 - INFO - Found 10 cards on the current page.
2025-08-07 16:18:44,241 - INFO - Opening URL: https://dir.indiamart.com/search.mp?ss=tiles&page=11
2025-08-07 16:18:48,689 - INFO - Found 10 cards on the current page.
2025-08-07 16:18:49,517 - INFO - Opening URL: https://dir.indiamart.com/search.mp?ss=tiles&page=12
2025-08-07 16:18:54,081 - INFO - Found 10 cards on the current page.
2025-08-07 16:18:56,392 - INFO - Opening URL: https://dir.indiamart.com/search.mp?ss=tiles&page=13
2025-08-07 16:19:01,067 - INFO - Found 10 cards on the current page.
2025-08-07 16:19:01,641 - INFO - Opening URL: https://dir.indiamart.com/search.mp?ss=tiles&page=14
2025-08-07 16:19:06,039 - INFO - Found 10 cards on the current page.
2025-08-07 16:19:06,782 - INFO - Opening URL: https://dir.indiamart.com/search.mp?ss=tiles&page=15
2025-08-07 16:19:11,316 - INFO - Found 10 cards on the current page.
2025-08-07 16:19:12,746 - INFO - Opening URL: https://dir.indiamart.com/search.mp?ss=tiles&page=16
2025-08-07 16:19:17,391 - INFO - Found 10 cards on the current page.
2025-08-07 16:19:18,628 - INFO - Opening URL: https://dir.indiamart.com/search.mp?ss=tiles&page=17
2025-08-07 16:19:23,266 - INFO - Found 10 cards on the current page.
2025-08-07 16:19:24,041 - INFO - Opening URL: https://dir.indiamart.com/search.mp?ss=tiles&page=18
2025-08-07 16:19:28,400 - INFO - Found 10 cards on the current page.
2025-08-07 16:19:29,290 - INFO - Opening URL: https://dir.indiamart.com/search.mp?ss=tiles&page=19
2025-08-07 16:19:33,718 - INFO - Found 10 cards on the current page.
2025-08-07 16:19:34,591 - INFO - Opening URL: https://dir.indiamart.com/search.mp?ss=tiles&page=20
2025-08-07 16:19:39,074 - INFO - Found 10 cards on the current page.
2025-08-07 16:19:39,657 - INFO - Reached maximum page limit.
2025-08-07 16:19:39,660 - INFO - Saved 200 records to static\tiles_indiamart_070825.csv
2025-08-07 16:19:39,824 - INFO - Scraping completed with 200 results.
2025-08-07 16:23:43,941 - INFO - Running IndiaMART scraper for: headphone
2025-08-07 16:23:43,966 - INFO - Received limit: 40
2025-08-07 16:23:45,993 - INFO - Opening URL: https://dir.indiamart.com/search.mp?ss=headphone&page=1
2025-08-07 16:23:49,882 - INFO - Running IndiaMART scraper for: headphone
2025-08-07 16:23:49,882 - INFO - Received limit: 40
2025-08-07 16:23:51,433 - INFO - Found 10 cards on the current page.
2025-08-07 16:23:51,724 - INFO - Opening URL: https://dir.indiamart.com/search.mp?ss=headphone&page=1
2025-08-07 16:23:52,593 - INFO - Opening URL: https://dir.indiamart.com/search.mp?ss=headphone&page=2
2025-08-07 16:23:57,181 - INFO - Found 10 cards on the current page.
2025-08-07 16:23:58,286 - INFO - Opening URL: https://dir.indiamart.com/search.mp?ss=headphone&page=3
2025-08-07 16:23:59,670 - INFO - Found 10 cards on the current page.
2025-08-07 16:24:00,801 - INFO - Opening URL: https://dir.indiamart.com/search.mp?ss=headphone&page=2
2025-08-07 16:24:03,099 - INFO - Found 10 cards on the current page.
2025-08-07 16:24:04,197 - INFO - Opening URL: https://dir.indiamart.com/search.mp?ss=headphone&page=4
2025-08-07 16:24:05,334 - INFO - Found 10 cards on the current page.
2025-08-07 16:24:06,413 - INFO - Opening URL: https://dir.indiamart.com/search.mp?ss=headphone&page=3
2025-08-07 16:24:08,785 - INFO - Found 10 cards on the current page.
2025-08-07 16:24:09,859 - INFO - Saved 40 records to static\headphone_indiamart_070825.csv
2025-08-07 16:24:10,144 - INFO - Scraping completed with 40 results.
2025-08-07 16:24:10,885 - INFO - Found 10 cards on the current page.
2025-08-07 16:24:11,892 - INFO - Opening URL: https://dir.indiamart.com/search.mp?ss=headphone&page=4
2025-08-07 16:24:16,312 - INFO - Found 10 cards on the current page.
2025-08-07 16:24:17,192 - INFO - Saved 40 records to static\headphone_indiamart_070825.csv
2025-08-07 16:24:17,418 - INFO - Scraping completed with 40 results.
2025-08-07 16:27:22,417 - INFO - Running IndiaMART scraper for: speakers
2025-08-07 16:27:22,417 - INFO - Received limit: 25
2025-08-07 16:27:22,417 - INFO - Opening URL: https://dir.indiamart.com/search.mp?ss=speakers
2025-08-07 16:27:29,934 - INFO - Found 10 cards on the page.
2025-08-07 16:27:30,683 - INFO - Saved 10 records to static\speakers_indiamart_070825.csv
2025-08-07 16:27:30,857 - INFO - Scraping completed with 10 results.
2025-08-07 16:27:50,739 - INFO - Running IndiaMART scraper for: tiles
2025-08-07 16:27:50,740 - INFO - Received limit: None
2025-08-07 16:27:50,740 - INFO - Opening URL: https://dir.indiamart.com/search.mp?ss=tiles
2025-08-07 16:27:57,976 - INFO - Found 10 cards on the page.
2025-08-07 16:27:59,044 - INFO - Saved 10 records to static\tiles_indiamart_070825.csv
2025-08-07 16:27:59,279 - INFO - Scraping completed with 10 results.
2025-08-07 16:28:20,147 - INFO - Running IndiaMART scraper for: headphone
2025-08-07 16:28:20,147 - INFO - Received limit: None
2025-08-07 16:28:20,147 - INFO - Opening URL: https://dir.indiamart.com/search.mp?ss=headphone
2025-08-07 16:28:28,463 - INFO - Found 10 cards on the page.
2025-08-07 16:28:29,767 - INFO - Saved 10 records to static\headphone_indiamart_070825.csv
2025-08-07 16:28:29,987 - INFO - Scraping completed with 10 results.
2025-08-07 16:30:48,536 - INFO - Running IndiaMART scraper for: headphone
2025-08-07 16:30:48,536 - INFO - Received limit: None
2025-08-07 16:30:48,536 - INFO - Opening URL: https://dir.indiamart.com/search.mp?ss=headphone
2025-08-07 16:31:00,276 - INFO - Found 10 cards on current page.
2025-08-07 16:31:01,017 - INFO - Saved 10 records to static\headphone_indiamart_070825.csv
2025-08-07 16:31:01,194 - INFO - Scraping completed with 10 results.
2025-08-07 16:31:24,031 - INFO - Running IndiaMART scraper for: speakers
2025-08-07 16:31:24,032 - INFO - Received limit: None
2025-08-07 16:31:24,032 - INFO - Opening URL: https://dir.indiamart.com/search.mp?ss=speakers
2025-08-07 16:31:35,089 - INFO - Found 10 cards on current page.
2025-08-07 16:31:35,694 - INFO - Saved 10 records to static\speakers_indiamart_070825.csv
2025-08-07 16:31:35,820 - INFO - Scraping completed with 10 results.
2025-08-07 16:34:36,648 - INFO - Running IndiaMART scraper for: speakers
2025-08-07 16:34:36,648 - INFO - Received limit: None
2025-08-07 16:34:36,648 - INFO - Opening URL: https://dir.indiamart.com/search.mp?ss=speakers
2025-08-07 16:34:44,479 - INFO - 🟢 Scraping page 1...
2025-08-07 16:34:51,712 - INFO - Found 20 cards on current page.
2025-08-07 16:34:54,596 - INFO - ✅ No more pages.
2025-08-07 16:34:54,598 - INFO - Saved 20 records to static\speakers_indiamart_070825.csv
2025-08-07 16:34:54,765 - INFO - Scraping completed with 20 results.
2025-08-07 16:35:48,339 - INFO - Running IndiaMART scraper for: headphone
2025-08-07 16:35:48,339 - INFO - Received limit: None
2025-08-07 16:35:48,339 - INFO - Opening URL: https://dir.indiamart.com/search.mp?ss=headphone
2025-08-07 16:35:55,575 - INFO - 🟢 Scraping page 1...
2025-08-07 16:36:02,709 - INFO - Found 20 cards on current page.
2025-08-07 16:36:04,377 - INFO - ✅ No more pages.
2025-08-07 16:36:04,379 - INFO - Saved 20 records to static\headphone_indiamart_070825.csv
2025-08-07 16:36:04,541 - INFO - Scraping completed with 20 results.
2025-08-07 16:36:29,127 - INFO - Running IndiaMART scraper for: healthcare
2025-08-07 16:36:29,127 - INFO - Received limit: 50
2025-08-07 16:36:29,127 - INFO - Opening URL: https://dir.indiamart.com/search.mp?ss=healthcare
2025-08-07 16:36:36,584 - INFO - 🟢 Scraping page 1...
2025-08-07 16:36:43,727 - INFO - Found 20 cards on current page.
2025-08-07 16:36:44,891 - INFO - ✅ No more pages.
2025-08-07 16:36:44,893 - INFO - Saved 20 records to static\healthcare_indiamart_070825.csv
2025-08-07 16:36:45,023 - INFO - Scraping completed with 20 results.
2025-08-07 16:39:47,898 - INFO - Running IndiaMART scraper for: speakers
2025-08-07 16:39:47,899 - INFO - Received limit: None
2025-08-07 16:39:50,186 - INFO - Opening URL: https://dir.indiamart.com/search.mp?ss=speakers&page=1
2025-08-07 16:39:56,207 - INFO - Found 10 cards on current page.
2025-08-07 16:39:56,817 - INFO - Saved 10 records to static\speakers_indiamart_070825.csv
2025-08-07 16:39:57,007 - INFO - Scraping completed with 10 results.
2025-08-07 16:41:56,471 - INFO - Running IndiaMART scraper for: healthcare
2025-08-07 16:41:56,472 - INFO - Received limit: None
2025-08-07 16:42:04,037 - INFO - Found 10 cards on current page.
2025-08-07 16:42:04,684 - INFO - No next page button found or disabled.
2025-08-07 16:42:04,686 - INFO - Saved 10 records to static\healthcare_indiamart_070825.csv
2025-08-07 16:42:04,944 - INFO - Scraping completed with 10 results.
2025-08-07 17:02:12,230 - INFO - Running IndiaMART scraper for: headphone
2025-08-07 17:02:12,231 - INFO - Received limit: None
2025-08-07 17:02:12,231 - INFO - Opening URL: https://dir.indiamart.com/search.mp?ss=headphone
2025-08-07 17:02:19,563 - INFO - Found 10 cards on current page.
2025-08-07 17:02:20,746 - INFO - No next page button found or disabled.
2025-08-07 17:02:20,751 - INFO - Saved 10 records to static\headphone_indiamart_070825.csv
2025-08-07 17:02:21,020 - INFO - Scraping completed with 10 results.
2025-08-07 17:05:00,776 - INFO - Running IndiaMART scraper for: headphone
2025-08-07 17:05:00,776 - INFO - Received limit: None
2025-08-07 17:05:00,776 - INFO - Opening URL: https://dir.indiamart.com/search.mp?ss=headphone
2025-08-07 17:05:03,083 - INFO - Starting auto-scroll to load all results...
2025-08-07 17:05:07,364 - INFO - No more content loaded after 2 scrolls.
2025-08-07 17:05:07,365 - INFO - Auto-scroll completed.
2025-08-07 17:05:07,409 - INFO - Found 20 cards on current scroll.
2025-08-07 17:05:09,923 - INFO - Saved 20 records to static\headphone_indiamart_070825.csv
2025-08-07 17:05:10,208 - INFO - Scraping completed with 20 results.
